Fri Dec 09 01:39:56 MST 2005  [debug] AvalonLogSystem initialized using logfile 'velocity.log'
Fri Dec 09 01:39:56 MST 2005   [info] ************************************************************** 
Fri Dec 09 01:39:56 MST 2005   [info] Starting Jakarta Velocity v1.4
Fri Dec 09 01:39:56 MST 2005   [info] RuntimeInstance initializing.
Fri Dec 09 01:39:56 MST 2005   [info] Default Properties File: org/apache/velocity/runtime/defaults/velocity.properties
Fri Dec 09 01:39:56 MST 2005   [info] Trying to use logger class org.apache.velocity.runtime.log.AvalonLogSystem
Fri Dec 09 01:39:56 MST 2005   [info] Using logger class org.apache.velocity.runtime.log.AvalonLogSystem
Fri Dec 09 01:39:56 MST 2005   [info] Default ResourceManager initializing. (class org.apache.velocity.runtime.resource.ResourceManagerImpl)
Fri Dec 09 01:39:56 MST 2005   [info] Resource Loader Instantiated: org.apache.velocity.runtime.resource.loader.FileResourceLoader
Fri Dec 09 01:39:56 MST 2005   [info] FileResourceLoader : initialization starting.
Fri Dec 09 01:39:56 MST 2005   [info] FileResourceLoader : adding path '/Users/bsnyder/src/geronimo/trunk/configs/remote-deploy-tomcat/src/plan'
Fri Dec 09 01:39:56 MST 2005   [info] FileResourceLoader : initialization complete.
Fri Dec 09 01:39:56 MST 2005   [info] ResourceCache : initialized. (class org.apache.velocity.runtime.resource.ResourceCacheImpl)
Fri Dec 09 01:39:56 MST 2005   [info] Default ResourceManager initialization complete.
Fri Dec 09 01:39:56 MST 2005   [info] Loaded System Directive: org.apache.velocity.runtime.directive.Literal
Fri Dec 09 01:39:56 MST 2005   [info] Loaded System Directive: org.apache.velocity.runtime.directive.Macro
Fri Dec 09 01:39:56 MST 2005   [info] Loaded System Directive: org.apache.velocity.runtime.directive.Parse
Fri Dec 09 01:39:56 MST 2005   [info] Loaded System Directive: org.apache.velocity.runtime.directive.Include
Fri Dec 09 01:39:56 MST 2005   [info] Loaded System Directive: org.apache.velocity.runtime.directive.Foreach
Fri Dec 09 01:39:56 MST 2005   [info] Created: 20 parsers.
Fri Dec 09 01:39:56 MST 2005   [info] Velocimacro : initialization starting.
Fri Dec 09 01:39:56 MST 2005   [info] Velocimacro : adding VMs from VM library template : VM_global_library.vm
Fri Dec 09 01:39:56 MST 2005  [error] ResourceManager : unable to find resource 'VM_global_library.vm' in any resource loader.
Fri Dec 09 01:39:56 MST 2005   [info] Velocimacro : error using  VM library template VM_global_library.vm : org.apache.velocity.exception.ResourceNotFoundException: Unable to find resource 'VM_global_library.vm'
Fri Dec 09 01:39:56 MST 2005   [info] Velocimacro :  VM library template macro registration complete.
Fri Dec 09 01:39:56 MST 2005   [info] Velocimacro : allowInline = true : VMs can be defined inline in templates
Fri Dec 09 01:39:56 MST 2005   [info] Velocimacro : allowInlineToOverride = false : VMs defined inline may NOT replace previous VM definitions
Fri Dec 09 01:39:56 MST 2005   [info] Velocimacro : allowInlineLocal = false : VMs defined inline will be  global in scope if allowed.
Fri Dec 09 01:39:56 MST 2005   [info] Velocimacro : messages on  : VM system will output logging messages
Fri Dec 09 01:39:56 MST 2005   [info] Velocimacro : autoload off  : VM system will not automatically reload global library macros
Fri Dec 09 01:39:56 MST 2005   [info] Velocimacro : initialization complete.
Fri Dec 09 01:39:56 MST 2005   [info] Velocity successfully started.
Fri Dec 09 01:39:56 MST 2005   [info] ResourceManager : found plan.xml with loader org.apache.velocity.runtime.resource.loader.FileResourceLoader
Fri Dec 09 01:39:56 MST 2005   [warn] org.apache.velocity.runtime.exception.ReferenceException: reference : template = plan.xml [line 19,column 6] : $Rev is not a valid reference.
Fri Dec 09 01:39:56 MST 2005   [warn] org.apache.velocity.runtime.exception.ReferenceException: reference : template = plan.xml [line 19,column 20] : $Date is not a valid reference.
